2025-04-11 10:50:30,577 - INFO - --- Starting FEP Data Simulation ---
2025-04-11 10:50:30,577 - INFO - Initializing DB schema...
2025-04-11 10:50:30,577 - INFO - Initializing database...
2025-04-11 10:50:30,578 - INFO - Table 'nurse_inputs' checked/created.
2025-04-11 10:50:30,578 - INFO - Table 'side_effects' checked/created.
2025-04-11 10:50:30,578 - INFO - Table 'patients' checked/created.
2025-04-11 10:50:30,579 - INFO - Database initialization complete.
2025-04-11 10:50:30,579 - INFO - Generating patient main data...
2025-04-11 10:50:30,585 - INFO - Generated main data for 50 patients.
2025-04-11 10:50:30,591 - INFO - Saved main FEP patient data (50) to CSVs.
2025-04-11 10:50:30,591 - INFO - Generating EMA data...
2025-04-11 10:50:30,665 - INFO - Generated 5519 EMA entries.
2025-04-11 10:50:30,787 - INFO - Saved 5519 EMA entries.
2025-04-11 10:50:30,787 - INFO - Generating side effects data (specific profiles for P001-P003)...
2025-04-11 10:50:30,787 - INFO - Skipping SE for P001.
2025-04-11 10:50:30,788 - INFO - Generating 2 mild/mod SE report(s) for P002.
2025-04-11 10:50:30,790 - INFO - Side effect report saved successfully to database for Patient ID P002.
2025-04-11 10:50:30,796 - INFO - Side effect report saved successfully to CSV for Patient ID P002.
2025-04-11 10:50:30,798 - INFO - Side effect report saved successfully to database for Patient ID P002.
2025-04-11 10:50:30,800 - INFO - Side effect report saved successfully to CSV for Patient ID P002.
2025-04-11 10:50:30,801 - INFO - Generating 4 sig SE report(s) for P003.
2025-04-11 10:50:30,803 - INFO - Side effect report saved successfully to database for Patient ID P003.
2025-04-11 10:50:30,805 - INFO - Side effect report saved successfully to CSV for Patient ID P003.
2025-04-11 10:50:30,806 - INFO - Side effect report saved successfully to database for Patient ID P003.
2025-04-11 10:50:30,809 - INFO - Side effect report saved successfully to CSV for Patient ID P003.
2025-04-11 10:50:30,810 - INFO - Side effect report saved successfully to database for Patient ID P003.
2025-04-11 10:50:30,812 - INFO - Side effect report saved successfully to CSV for Patient ID P003.
2025-04-11 10:50:30,813 - INFO - Side effect report saved successfully to database for Patient ID P003.
2025-04-11 10:50:30,815 - INFO - Side effect report saved successfully to CSV for Patient ID P003.
2025-04-11 10:50:30,821 - INFO - Side effect report saved successfully to database for Patient ID P005.
2025-04-11 10:50:30,833 - INFO - Side effect report saved successfully to CSV for Patient ID P005.
2025-04-11 10:50:30,835 - INFO - Side effect report saved successfully to database for Patient ID P005.
2025-04-11 10:50:30,845 - INFO - Side effect report saved successfully to CSV for Patient ID P005.
2025-04-11 10:50:30,847 - INFO - Side effect report saved successfully to database for Patient ID P005.
2025-04-11 10:50:30,880 - INFO - Side effect report saved successfully to CSV for Patient ID P005.
2025-04-11 10:50:30,883 - INFO - Side effect report saved successfully to database for Patient ID P006.
2025-04-11 10:50:30,897 - INFO - Side effect report saved successfully to CSV for Patient ID P006.
2025-04-11 10:50:30,898 - INFO - Side effect report saved successfully to database for Patient ID P007.
2025-04-11 10:50:30,900 - INFO - Side effect report saved successfully to CSV for Patient ID P007.
2025-04-11 10:50:30,901 - INFO - Side effect report saved successfully to database for Patient ID P008.
2025-04-11 10:50:30,903 - INFO - Side effect report saved successfully to CSV for Patient ID P008.
2025-04-11 10:50:30,904 - INFO - Side effect report saved successfully to database for Patient ID P008.
2025-04-11 10:50:30,915 - INFO - Side effect report saved successfully to CSV for Patient ID P008.
2025-04-11 10:50:30,916 - INFO - Side effect report saved successfully to database for Patient ID P008.
2025-04-11 10:50:30,918 - INFO - Side effect report saved successfully to CSV for Patient ID P008.
2025-04-11 10:50:30,919 - INFO - Side effect report saved successfully to database for Patient ID P010.
2025-04-11 10:50:30,921 - INFO - Side effect report saved successfully to CSV for Patient ID P010.
2025-04-11 10:50:30,922 - INFO - Side effect report saved successfully to database for Patient ID P011.
2025-04-11 10:50:30,925 - INFO - Side effect report saved successfully to CSV for Patient ID P011.
2025-04-11 10:50:30,926 - INFO - Side effect report saved successfully to database for Patient ID P011.
2025-04-11 10:50:30,928 - INFO - Side effect report saved successfully to CSV for Patient ID P011.
2025-04-11 10:50:30,929 - INFO - Side effect report saved successfully to database for Patient ID P013.
2025-04-11 10:50:30,931 - INFO - Side effect report saved successfully to CSV for Patient ID P013.
2025-04-11 10:50:30,932 - INFO - Side effect report saved successfully to database for Patient ID P013.
2025-04-11 10:50:30,934 - INFO - Side effect report saved successfully to CSV for Patient ID P013.
2025-04-11 10:50:30,935 - INFO - Side effect report saved successfully to database for Patient ID P013.
2025-04-11 10:50:30,937 - INFO - Side effect report saved successfully to CSV for Patient ID P013.
2025-04-11 10:50:30,938 - INFO - Side effect report saved successfully to database for Patient ID P015.
2025-04-11 10:50:30,940 - INFO - Side effect report saved successfully to CSV for Patient ID P015.
2025-04-11 10:50:30,943 - INFO - Side effect report saved successfully to database for Patient ID P015.
2025-04-11 10:50:30,949 - INFO - Side effect report saved successfully to CSV for Patient ID P015.
2025-04-11 10:50:30,950 - INFO - Side effect report saved successfully to database for Patient ID P016.
2025-04-11 10:50:30,952 - INFO - Side effect report saved successfully to CSV for Patient ID P016.
2025-04-11 10:50:30,953 - INFO - Side effect report saved successfully to database for Patient ID P016.
2025-04-11 10:50:30,955 - INFO - Side effect report saved successfully to CSV for Patient ID P016.
2025-04-11 10:50:30,956 - INFO - Side effect report saved successfully to database for Patient ID P016.
2025-04-11 10:50:30,958 - INFO - Side effect report saved successfully to CSV for Patient ID P016.
2025-04-11 10:50:30,959 - INFO - Side effect report saved successfully to database for Patient ID P017.
2025-04-11 10:50:30,961 - INFO - Side effect report saved successfully to CSV for Patient ID P017.
2025-04-11 10:50:30,961 - INFO - Side effect report saved successfully to database for Patient ID P017.
2025-04-11 10:50:30,963 - INFO - Side effect report saved successfully to CSV for Patient ID P017.
2025-04-11 10:50:30,964 - INFO - Side effect report saved successfully to database for Patient ID P018.
2025-04-11 10:50:30,966 - INFO - Side effect report saved successfully to CSV for Patient ID P018.
2025-04-11 10:50:30,967 - INFO - Side effect report saved successfully to database for Patient ID P020.
2025-04-11 10:50:30,969 - INFO - Side effect report saved successfully to CSV for Patient ID P020.
2025-04-11 10:50:30,970 - INFO - Side effect report saved successfully to database for Patient ID P021.
2025-04-11 10:50:30,972 - INFO - Side effect report saved successfully to CSV for Patient ID P021.
2025-04-11 10:50:30,973 - INFO - Side effect report saved successfully to database for Patient ID P021.
2025-04-11 10:50:30,975 - INFO - Side effect report saved successfully to CSV for Patient ID P021.
2025-04-11 10:50:30,976 - INFO - Side effect report saved successfully to database for Patient ID P023.
2025-04-11 10:50:30,978 - INFO - Side effect report saved successfully to CSV for Patient ID P023.
2025-04-11 10:50:30,979 - INFO - Side effect report saved successfully to database for Patient ID P024.
2025-04-11 10:50:30,983 - INFO - Side effect report saved successfully to CSV for Patient ID P024.
2025-04-11 10:50:30,984 - INFO - Side effect report saved successfully to database for Patient ID P024.
2025-04-11 10:50:30,989 - INFO - Side effect report saved successfully to CSV for Patient ID P024.
2025-04-11 10:50:30,990 - INFO - Side effect report saved successfully to database for Patient ID P024.
2025-04-11 10:50:30,993 - INFO - Side effect report saved successfully to CSV for Patient ID P024.
2025-04-11 10:50:30,994 - INFO - Side effect report saved successfully to database for Patient ID P025.
2025-04-11 10:50:30,997 - INFO - Side effect report saved successfully to CSV for Patient ID P025.
2025-04-11 10:50:30,998 - INFO - Side effect report saved successfully to database for Patient ID P026.
2025-04-11 10:50:31,000 - INFO - Side effect report saved successfully to CSV for Patient ID P026.
2025-04-11 10:50:31,000 - INFO - Side effect report saved successfully to database for Patient ID P026.
2025-04-11 10:50:31,003 - INFO - Side effect report saved successfully to CSV for Patient ID P026.
2025-04-11 10:50:31,004 - INFO - Side effect report saved successfully to database for Patient ID P027.
2025-04-11 10:50:31,006 - INFO - Side effect report saved successfully to CSV for Patient ID P027.
2025-04-11 10:50:31,007 - INFO - Side effect report saved successfully to database for Patient ID P027.
2025-04-11 10:50:31,009 - INFO - Side effect report saved successfully to CSV for Patient ID P027.
2025-04-11 10:50:31,011 - INFO - Side effect report saved successfully to database for Patient ID P028.
2025-04-11 10:50:31,014 - INFO - Side effect report saved successfully to CSV for Patient ID P028.
2025-04-11 10:50:31,015 - INFO - Side effect report saved successfully to database for Patient ID P028.
2025-04-11 10:50:31,019 - INFO - Side effect report saved successfully to CSV for Patient ID P028.
2025-04-11 10:50:31,022 - INFO - Side effect report saved successfully to database for Patient ID P030.
2025-04-11 10:50:31,026 - INFO - Side effect report saved successfully to CSV for Patient ID P030.
2025-04-11 10:50:31,028 - INFO - Side effect report saved successfully to database for Patient ID P030.
2025-04-11 10:50:31,031 - INFO - Side effect report saved successfully to CSV for Patient ID P030.
2025-04-11 10:50:31,032 - INFO - Side effect report saved successfully to database for Patient ID P031.
2025-04-11 10:50:31,035 - INFO - Side effect report saved successfully to CSV for Patient ID P031.
2025-04-11 10:50:31,036 - INFO - Side effect report saved successfully to database for Patient ID P032.
2025-04-11 10:50:31,038 - INFO - Side effect report saved successfully to CSV for Patient ID P032.
2025-04-11 10:50:31,039 - INFO - Side effect report saved successfully to database for Patient ID P032.
2025-04-11 10:50:31,041 - INFO - Side effect report saved successfully to CSV for Patient ID P032.
2025-04-11 10:50:31,043 - INFO - Side effect report saved successfully to database for Patient ID P032.
2025-04-11 10:50:31,048 - INFO - Side effect report saved successfully to CSV for Patient ID P032.
2025-04-11 10:50:31,051 - INFO - Side effect report saved successfully to database for Patient ID P034.
2025-04-11 10:50:31,055 - INFO - Side effect report saved successfully to CSV for Patient ID P034.
2025-04-11 10:50:31,058 - INFO - Side effect report saved successfully to database for Patient ID P035.
2025-04-11 10:50:31,062 - INFO - Side effect report saved successfully to CSV for Patient ID P035.
2025-04-11 10:50:31,063 - INFO - Side effect report saved successfully to database for Patient ID P035.
2025-04-11 10:50:31,065 - INFO - Side effect report saved successfully to CSV for Patient ID P035.
2025-04-11 10:50:31,066 - INFO - Side effect report saved successfully to database for Patient ID P037.
2025-04-11 10:50:31,068 - INFO - Side effect report saved successfully to CSV for Patient ID P037.
2025-04-11 10:50:31,068 - INFO - Side effect report saved successfully to database for Patient ID P037.
2025-04-11 10:50:31,070 - INFO - Side effect report saved successfully to CSV for Patient ID P037.
2025-04-11 10:50:31,071 - INFO - Side effect report saved successfully to database for Patient ID P039.
2025-04-11 10:50:31,074 - INFO - Side effect report saved successfully to CSV for Patient ID P039.
2025-04-11 10:50:31,074 - INFO - Side effect report saved successfully to database for Patient ID P039.
2025-04-11 10:50:31,076 - INFO - Side effect report saved successfully to CSV for Patient ID P039.
2025-04-11 10:50:31,079 - INFO - Side effect report saved successfully to database for Patient ID P044.
2025-04-11 10:50:31,081 - INFO - Side effect report saved successfully to CSV for Patient ID P044.
2025-04-11 10:50:31,082 - INFO - Side effect report saved successfully to database for Patient ID P044.
2025-04-11 10:50:31,084 - INFO - Side effect report saved successfully to CSV for Patient ID P044.
2025-04-11 10:50:31,085 - INFO - Side effect report saved successfully to database for Patient ID P045.
2025-04-11 10:50:31,087 - INFO - Side effect report saved successfully to CSV for Patient ID P045.
2025-04-11 10:50:31,087 - INFO - Side effect report saved successfully to database for Patient ID P045.
2025-04-11 10:50:31,089 - INFO - Side effect report saved successfully to CSV for Patient ID P045.
2025-04-11 10:50:31,090 - INFO - Side effect report saved successfully to database for Patient ID P046.
2025-04-11 10:50:31,092 - INFO - Side effect report saved successfully to CSV for Patient ID P046.
2025-04-11 10:50:31,092 - INFO - Side effect report saved successfully to database for Patient ID P046.
2025-04-11 10:50:31,095 - INFO - Side effect report saved successfully to CSV for Patient ID P046.
2025-04-11 10:50:31,095 - INFO - Side effect report saved successfully to database for Patient ID P047.
2025-04-11 10:50:31,098 - INFO - Side effect report saved successfully to CSV for Patient ID P047.
2025-04-11 10:50:31,098 - INFO - Side effect report saved successfully to database for Patient ID P047.
2025-04-11 10:50:31,100 - INFO - Side effect report saved successfully to CSV for Patient ID P047.
2025-04-11 10:50:31,101 - INFO - Side effect report saved successfully to database for Patient ID P048.
2025-04-11 10:50:31,103 - INFO - Side effect report saved successfully to CSV for Patient ID P048.
2025-04-11 10:50:31,104 - INFO - Side effect report saved successfully to database for Patient ID P049.
2025-04-11 10:50:31,106 - INFO - Side effect report saved successfully to CSV for Patient ID P049.
2025-04-11 10:50:31,106 - INFO - Side effect report saved successfully to database for Patient ID P049.
2025-04-11 10:50:31,108 - INFO - Side effect report saved successfully to CSV for Patient ID P049.
2025-04-11 10:50:31,109 - INFO - Side effect report saved successfully to database for Patient ID P049.
2025-04-11 10:50:31,111 - INFO - Side effect report saved successfully to CSV for Patient ID P049.
2025-04-11 10:50:31,112 - INFO - Side effect report saved successfully to database for Patient ID P049.
2025-04-11 10:50:31,114 - INFO - Side effect report saved successfully to CSV for Patient ID P049.
2025-04-11 10:50:31,115 - INFO - Side effect report saved successfully to database for Patient ID P050.
2025-04-11 10:50:31,117 - INFO - Side effect report saved successfully to CSV for Patient ID P050.
2025-04-11 10:50:31,117 - INFO - Side effect report saved successfully to database for Patient ID P050.
2025-04-11 10:50:31,119 - INFO - Side effect report saved successfully to CSV for Patient ID P050.
2025-04-11 10:50:31,119 - INFO - Generated/attempted 70 SE reports.
2025-04-11 10:50:31,119 - INFO - Generating nurse notes data...
2025-04-11 10:50:31,120 - INFO - Nurse inputs saved successfully for Patient ID P001.
2025-04-11 10:50:31,120 - INFO - Nurse inputs saved successfully for Patient ID P001.
2025-04-11 10:50:31,121 - INFO - Nurse inputs saved successfully for Patient ID P001.
2025-04-11 10:50:31,122 - INFO - Nurse inputs saved successfully for Patient ID P002.
2025-04-11 10:50:31,122 - INFO - Nurse inputs saved successfully for Patient ID P002.
2025-04-11 10:50:31,123 - INFO - Nurse inputs saved successfully for Patient ID P002.
2025-04-11 10:50:31,123 - INFO - Nurse inputs saved successfully for Patient ID P003.
2025-04-11 10:50:31,124 - INFO - Nurse inputs saved successfully for Patient ID P003.
2025-04-11 10:50:31,124 - INFO - Nurse inputs saved successfully for Patient ID P003.
2025-04-11 10:50:31,125 - INFO - Nurse inputs saved successfully for Patient ID P004.
2025-04-11 10:50:31,125 - INFO - Nurse inputs saved successfully for Patient ID P004.
2025-04-11 10:50:31,126 - INFO - Nurse inputs saved successfully for Patient ID P004.
2025-04-11 10:50:31,126 - INFO - Nurse inputs saved successfully for Patient ID P005.
2025-04-11 10:50:31,127 - INFO - Nurse inputs saved successfully for Patient ID P005.
2025-04-11 10:50:31,127 - INFO - Nurse inputs saved successfully for Patient ID P005.
2025-04-11 10:50:31,128 - INFO - Nurse inputs saved successfully for Patient ID P006.
2025-04-11 10:50:31,129 - INFO - Nurse inputs saved successfully for Patient ID P006.
2025-04-11 10:50:31,129 - INFO - Nurse inputs saved successfully for Patient ID P006.
2025-04-11 10:50:31,130 - INFO - Nurse inputs saved successfully for Patient ID P007.
2025-04-11 10:50:31,130 - INFO - Nurse inputs saved successfully for Patient ID P007.
2025-04-11 10:50:31,131 - INFO - Nurse inputs saved successfully for Patient ID P007.
2025-04-11 10:50:31,132 - INFO - Nurse inputs saved successfully for Patient ID P008.
2025-04-11 10:50:31,132 - INFO - Nurse inputs saved successfully for Patient ID P008.
2025-04-11 10:50:31,132 - INFO - Nurse inputs saved successfully for Patient ID P008.
2025-04-11 10:50:31,133 - INFO - Nurse inputs saved successfully for Patient ID P009.
2025-04-11 10:50:31,133 - INFO - Nurse inputs saved successfully for Patient ID P009.
2025-04-11 10:50:31,134 - INFO - Nurse inputs saved successfully for Patient ID P009.
2025-04-11 10:50:31,135 - INFO - Nurse inputs saved successfully for Patient ID P010.
2025-04-11 10:50:31,135 - INFO - Nurse inputs saved successfully for Patient ID P010.
2025-04-11 10:50:31,136 - INFO - Nurse inputs saved successfully for Patient ID P010.
2025-04-11 10:50:31,136 - INFO - Nurse inputs saved successfully for Patient ID P011.
2025-04-11 10:50:31,137 - INFO - Nurse inputs saved successfully for Patient ID P011.
2025-04-11 10:50:31,137 - INFO - Nurse inputs saved successfully for Patient ID P011.
2025-04-11 10:50:31,138 - INFO - Nurse inputs saved successfully for Patient ID P012.
2025-04-11 10:50:31,138 - INFO - Nurse inputs saved successfully for Patient ID P012.
2025-04-11 10:50:31,139 - INFO - Nurse inputs saved successfully for Patient ID P012.
2025-04-11 10:50:31,139 - INFO - Nurse inputs saved successfully for Patient ID P013.
2025-04-11 10:50:31,140 - INFO - Nurse inputs saved successfully for Patient ID P013.
2025-04-11 10:50:31,140 - INFO - Nurse inputs saved successfully for Patient ID P013.
2025-04-11 10:50:31,141 - INFO - Nurse inputs saved successfully for Patient ID P014.
2025-04-11 10:50:31,141 - INFO - Nurse inputs saved successfully for Patient ID P014.
2025-04-11 10:50:31,142 - INFO - Nurse inputs saved successfully for Patient ID P014.
2025-04-11 10:50:31,143 - INFO - Nurse inputs saved successfully for Patient ID P015.
2025-04-11 10:50:31,143 - INFO - Nurse inputs saved successfully for Patient ID P015.
2025-04-11 10:50:31,143 - INFO - Nurse inputs saved successfully for Patient ID P015.
2025-04-11 10:50:31,144 - INFO - Nurse inputs saved successfully for Patient ID P016.
2025-04-11 10:50:31,145 - INFO - Nurse inputs saved successfully for Patient ID P016.
2025-04-11 10:50:31,145 - INFO - Nurse inputs saved successfully for Patient ID P016.
2025-04-11 10:50:31,147 - INFO - Nurse inputs saved successfully for Patient ID P017.
2025-04-11 10:50:31,147 - INFO - Nurse inputs saved successfully for Patient ID P017.
2025-04-11 10:50:31,148 - INFO - Nurse inputs saved successfully for Patient ID P017.
2025-04-11 10:50:31,148 - INFO - Nurse inputs saved successfully for Patient ID P018.
2025-04-11 10:50:31,149 - INFO - Nurse inputs saved successfully for Patient ID P018.
2025-04-11 10:50:31,149 - INFO - Nurse inputs saved successfully for Patient ID P018.
2025-04-11 10:50:31,150 - INFO - Nurse inputs saved successfully for Patient ID P019.
2025-04-11 10:50:31,151 - INFO - Nurse inputs saved successfully for Patient ID P019.
2025-04-11 10:50:31,151 - INFO - Nurse inputs saved successfully for Patient ID P019.
2025-04-11 10:50:31,152 - INFO - Nurse inputs saved successfully for Patient ID P020.
2025-04-11 10:50:31,152 - INFO - Nurse inputs saved successfully for Patient ID P020.
2025-04-11 10:50:31,153 - INFO - Nurse inputs saved successfully for Patient ID P020.
2025-04-11 10:50:31,154 - INFO - Nurse inputs saved successfully for Patient ID P021.
2025-04-11 10:50:31,154 - INFO - Nurse inputs saved successfully for Patient ID P021.
2025-04-11 10:50:31,154 - INFO - Nurse inputs saved successfully for Patient ID P021.
2025-04-11 10:50:31,155 - INFO - Nurse inputs saved successfully for Patient ID P022.
2025-04-11 10:50:31,155 - INFO - Nurse inputs saved successfully for Patient ID P022.
2025-04-11 10:50:31,156 - INFO - Nurse inputs saved successfully for Patient ID P022.
2025-04-11 10:50:31,156 - INFO - Nurse inputs saved successfully for Patient ID P023.
2025-04-11 10:50:31,157 - INFO - Nurse inputs saved successfully for Patient ID P023.
2025-04-11 10:50:31,157 - INFO - Nurse inputs saved successfully for Patient ID P023.
2025-04-11 10:50:31,158 - INFO - Nurse inputs saved successfully for Patient ID P024.
2025-04-11 10:50:31,158 - INFO - Nurse inputs saved successfully for Patient ID P024.
2025-04-11 10:50:31,159 - INFO - Nurse inputs saved successfully for Patient ID P024.
2025-04-11 10:50:31,159 - INFO - Nurse inputs saved successfully for Patient ID P025.
2025-04-11 10:50:31,160 - INFO - Nurse inputs saved successfully for Patient ID P025.
2025-04-11 10:50:31,161 - INFO - Nurse inputs saved successfully for Patient ID P025.
2025-04-11 10:50:31,164 - INFO - Nurse inputs saved successfully for Patient ID P026.
2025-04-11 10:50:31,164 - INFO - Nurse inputs saved successfully for Patient ID P026.
2025-04-11 10:50:31,165 - INFO - Nurse inputs saved successfully for Patient ID P026.
2025-04-11 10:50:31,166 - INFO - Nurse inputs saved successfully for Patient ID P027.
2025-04-11 10:50:31,166 - INFO - Nurse inputs saved successfully for Patient ID P027.
2025-04-11 10:50:31,167 - INFO - Nurse inputs saved successfully for Patient ID P027.
2025-04-11 10:50:31,168 - INFO - Nurse inputs saved successfully for Patient ID P028.
2025-04-11 10:50:31,168 - INFO - Nurse inputs saved successfully for Patient ID P028.
2025-04-11 10:50:31,169 - INFO - Nurse inputs saved successfully for Patient ID P028.
2025-04-11 10:50:31,170 - INFO - Nurse inputs saved successfully for Patient ID P029.
2025-04-11 10:50:31,171 - INFO - Nurse inputs saved successfully for Patient ID P029.
2025-04-11 10:50:31,171 - INFO - Nurse inputs saved successfully for Patient ID P029.
2025-04-11 10:50:31,172 - INFO - Nurse inputs saved successfully for Patient ID P030.
2025-04-11 10:50:31,173 - INFO - Nurse inputs saved successfully for Patient ID P030.
2025-04-11 10:50:31,173 - INFO - Nurse inputs saved successfully for Patient ID P030.
2025-04-11 10:50:31,174 - INFO - Nurse inputs saved successfully for Patient ID P031.
2025-04-11 10:50:31,175 - INFO - Nurse inputs saved successfully for Patient ID P031.
2025-04-11 10:50:31,175 - INFO - Nurse inputs saved successfully for Patient ID P031.
2025-04-11 10:50:31,176 - INFO - Nurse inputs saved successfully for Patient ID P032.
2025-04-11 10:50:31,176 - INFO - Nurse inputs saved successfully for Patient ID P032.
2025-04-11 10:50:31,177 - INFO - Nurse inputs saved successfully for Patient ID P032.
2025-04-11 10:50:31,178 - INFO - Nurse inputs saved successfully for Patient ID P033.
2025-04-11 10:50:31,179 - INFO - Nurse inputs saved successfully for Patient ID P033.
2025-04-11 10:50:31,180 - INFO - Nurse inputs saved successfully for Patient ID P033.
2025-04-11 10:50:31,181 - INFO - Nurse inputs saved successfully for Patient ID P034.
2025-04-11 10:50:31,182 - INFO - Nurse inputs saved successfully for Patient ID P034.
2025-04-11 10:50:31,182 - INFO - Nurse inputs saved successfully for Patient ID P034.
2025-04-11 10:50:31,183 - INFO - Nurse inputs saved successfully for Patient ID P035.
2025-04-11 10:50:31,183 - INFO - Nurse inputs saved successfully for Patient ID P035.
2025-04-11 10:50:31,184 - INFO - Nurse inputs saved successfully for Patient ID P035.
2025-04-11 10:50:31,185 - INFO - Nurse inputs saved successfully for Patient ID P036.
2025-04-11 10:50:31,185 - INFO - Nurse inputs saved successfully for Patient ID P036.
2025-04-11 10:50:31,185 - INFO - Nurse inputs saved successfully for Patient ID P036.
2025-04-11 10:50:31,186 - INFO - Nurse inputs saved successfully for Patient ID P037.
2025-04-11 10:50:31,187 - INFO - Nurse inputs saved successfully for Patient ID P037.
2025-04-11 10:50:31,187 - INFO - Nurse inputs saved successfully for Patient ID P037.
2025-04-11 10:50:31,188 - INFO - Nurse inputs saved successfully for Patient ID P038.
2025-04-11 10:50:31,188 - INFO - Nurse inputs saved successfully for Patient ID P038.
2025-04-11 10:50:31,189 - INFO - Nurse inputs saved successfully for Patient ID P038.
2025-04-11 10:50:31,189 - INFO - Nurse inputs saved successfully for Patient ID P039.
2025-04-11 10:50:31,190 - INFO - Nurse inputs saved successfully for Patient ID P039.
2025-04-11 10:50:31,190 - INFO - Nurse inputs saved successfully for Patient ID P039.
2025-04-11 10:50:31,191 - INFO - Nurse inputs saved successfully for Patient ID P040.
2025-04-11 10:50:31,192 - INFO - Nurse inputs saved successfully for Patient ID P040.
2025-04-11 10:50:31,192 - INFO - Nurse inputs saved successfully for Patient ID P040.
2025-04-11 10:50:31,193 - INFO - Nurse inputs saved successfully for Patient ID P041.
2025-04-11 10:50:31,193 - INFO - Nurse inputs saved successfully for Patient ID P041.
2025-04-11 10:50:31,193 - INFO - Nurse inputs saved successfully for Patient ID P041.
2025-04-11 10:50:31,194 - INFO - Nurse inputs saved successfully for Patient ID P042.
2025-04-11 10:50:31,195 - INFO - Nurse inputs saved successfully for Patient ID P042.
2025-04-11 10:50:31,195 - INFO - Nurse inputs saved successfully for Patient ID P042.
2025-04-11 10:50:31,196 - INFO - Nurse inputs saved successfully for Patient ID P043.
2025-04-11 10:50:31,196 - INFO - Nurse inputs saved successfully for Patient ID P043.
2025-04-11 10:50:31,197 - INFO - Nurse inputs saved successfully for Patient ID P043.
2025-04-11 10:50:31,198 - INFO - Nurse inputs saved successfully for Patient ID P044.
2025-04-11 10:50:31,198 - INFO - Nurse inputs saved successfully for Patient ID P044.
2025-04-11 10:50:31,199 - INFO - Nurse inputs saved successfully for Patient ID P044.
2025-04-11 10:50:31,199 - INFO - Nurse inputs saved successfully for Patient ID P045.
2025-04-11 10:50:31,200 - INFO - Nurse inputs saved successfully for Patient ID P045.
2025-04-11 10:50:31,200 - INFO - Nurse inputs saved successfully for Patient ID P045.
2025-04-11 10:50:31,201 - INFO - Nurse inputs saved successfully for Patient ID P046.
2025-04-11 10:50:31,201 - INFO - Nurse inputs saved successfully for Patient ID P046.
2025-04-11 10:50:31,202 - INFO - Nurse inputs saved successfully for Patient ID P046.
2025-04-11 10:50:31,202 - INFO - Nurse inputs saved successfully for Patient ID P047.
2025-04-11 10:50:31,203 - INFO - Nurse inputs saved successfully for Patient ID P047.
2025-04-11 10:50:31,203 - INFO - Nurse inputs saved successfully for Patient ID P047.
2025-04-11 10:50:31,204 - INFO - Nurse inputs saved successfully for Patient ID P048.
2025-04-11 10:50:31,204 - INFO - Nurse inputs saved successfully for Patient ID P048.
2025-04-11 10:50:31,205 - INFO - Nurse inputs saved successfully for Patient ID P048.
2025-04-11 10:50:31,205 - INFO - Nurse inputs saved successfully for Patient ID P049.
2025-04-11 10:50:31,206 - INFO - Nurse inputs saved successfully for Patient ID P049.
2025-04-11 10:50:31,206 - INFO - Nurse inputs saved successfully for Patient ID P049.
2025-04-11 10:50:31,207 - INFO - Nurse inputs saved successfully for Patient ID P050.
2025-04-11 10:50:31,207 - INFO - Nurse inputs saved successfully for Patient ID P050.
2025-04-11 10:50:31,208 - INFO - Nurse inputs saved successfully for Patient ID P050.
2025-04-11 10:50:31,208 - INFO - Generated/attempted 150 nurse notes.
2025-04-11 10:50:31,208 - INFO - Updated config/config.yaml
2025-04-11 10:50:31,208 - INFO - --- FEP Simulation complete. ---
