2025-04-10 15:34:13,867 - INFO - --- Starting FEP Data Simulation ---
2025-04-10 15:34:13,868 - INFO - Initializing DB schema...
2025-04-10 15:34:13,868 - INFO - Initializing database...
2025-04-10 15:34:13,870 - INFO - Table 'nurse_inputs' checked/created.
2025-04-10 15:34:13,870 - INFO - Table 'side_effects' checked/created.
2025-04-10 15:34:13,870 - INFO - Table 'patients' checked/created.
2025-04-10 15:34:13,870 - INFO - Database initialization complete.
2025-04-10 15:34:13,870 - INFO - Generating patient main data...
2025-04-10 15:34:13,883 - INFO - Generated main data for 50 patients.
2025-04-10 15:34:13,895 - INFO - Saved main FEP patient data (50) to CSVs.
2025-04-10 15:34:13,895 - INFO - Generating EMA data...
2025-04-10 15:34:14,057 - INFO - Generated 5452 EMA entries.
2025-04-10 15:34:14,109 - INFO - Saved 5452 EMA entries.
2025-04-10 15:34:14,109 - INFO - Generating side effects data (specific profiles for P001-P003)...
2025-04-10 15:34:14,110 - INFO - Skipping SE for P001.
2025-04-10 15:34:14,110 - INFO - Generating 2 mild/mod SE report(s) for P002.
2025-04-10 15:34:14,112 - INFO - Side effect report saved successfully to database for Patient ID P002.
2025-04-10 15:34:14,116 - INFO - Side effect report saved successfully to CSV for Patient ID P002.
2025-04-10 15:34:14,117 - INFO - Side effect report saved successfully to database for Patient ID P002.
2025-04-10 15:34:14,119 - INFO - Side effect report saved successfully to CSV for Patient ID P002.
2025-04-10 15:34:14,120 - INFO - Generating 4 sig SE report(s) for P003.
2025-04-10 15:34:14,121 - INFO - Side effect report saved successfully to database for Patient ID P003.
2025-04-10 15:34:14,123 - INFO - Side effect report saved successfully to CSV for Patient ID P003.
2025-04-10 15:34:14,124 - INFO - Side effect report saved successfully to database for Patient ID P003.
2025-04-10 15:34:14,127 - INFO - Side effect report saved successfully to CSV for Patient ID P003.
2025-04-10 15:34:14,128 - INFO - Side effect report saved successfully to database for Patient ID P003.
2025-04-10 15:34:14,131 - INFO - Side effect report saved successfully to CSV for Patient ID P003.
2025-04-10 15:34:14,132 - INFO - Side effect report saved successfully to database for Patient ID P003.
2025-04-10 15:34:14,134 - INFO - Side effect report saved successfully to CSV for Patient ID P003.
2025-04-10 15:34:14,135 - INFO - Side effect report saved successfully to database for Patient ID P004.
2025-04-10 15:34:14,138 - INFO - Side effect report saved successfully to CSV for Patient ID P004.
2025-04-10 15:34:14,139 - INFO - Side effect report saved successfully to database for Patient ID P005.
2025-04-10 15:34:14,141 - INFO - Side effect report saved successfully to CSV for Patient ID P005.
2025-04-10 15:34:14,142 - INFO - Side effect report saved successfully to database for Patient ID P006.
2025-04-10 15:34:14,146 - INFO - Side effect report saved successfully to CSV for Patient ID P006.
2025-04-10 15:34:14,148 - INFO - Side effect report saved successfully to database for Patient ID P008.
2025-04-10 15:34:14,152 - INFO - Side effect report saved successfully to CSV for Patient ID P008.
2025-04-10 15:34:14,154 - INFO - Side effect report saved successfully to database for Patient ID P008.
2025-04-10 15:34:14,159 - INFO - Side effect report saved successfully to CSV for Patient ID P008.
2025-04-10 15:34:14,164 - INFO - Side effect report saved successfully to database for Patient ID P011.
2025-04-10 15:34:14,168 - INFO - Side effect report saved successfully to CSV for Patient ID P011.
2025-04-10 15:34:14,169 - INFO - Side effect report saved successfully to database for Patient ID P011.
2025-04-10 15:34:14,171 - INFO - Side effect report saved successfully to CSV for Patient ID P011.
2025-04-10 15:34:14,173 - INFO - Side effect report saved successfully to database for Patient ID P012.
2025-04-10 15:34:14,176 - INFO - Side effect report saved successfully to CSV for Patient ID P012.
2025-04-10 15:34:14,177 - INFO - Side effect report saved successfully to database for Patient ID P012.
2025-04-10 15:34:14,180 - INFO - Side effect report saved successfully to CSV for Patient ID P012.
2025-04-10 15:34:14,182 - INFO - Side effect report saved successfully to database for Patient ID P012.
2025-04-10 15:34:14,185 - INFO - Side effect report saved successfully to CSV for Patient ID P012.
2025-04-10 15:34:14,186 - INFO - Side effect report saved successfully to database for Patient ID P013.
2025-04-10 15:34:14,189 - INFO - Side effect report saved successfully to CSV for Patient ID P013.
2025-04-10 15:34:14,190 - INFO - Side effect report saved successfully to database for Patient ID P013.
2025-04-10 15:34:14,192 - INFO - Side effect report saved successfully to CSV for Patient ID P013.
2025-04-10 15:34:14,194 - INFO - Side effect report saved successfully to database for Patient ID P014.
2025-04-10 15:34:14,197 - INFO - Side effect report saved successfully to CSV for Patient ID P014.
2025-04-10 15:34:14,198 - INFO - Side effect report saved successfully to database for Patient ID P014.
2025-04-10 15:34:14,201 - INFO - Side effect report saved successfully to CSV for Patient ID P014.
2025-04-10 15:34:14,203 - INFO - Side effect report saved successfully to database for Patient ID P015.
2025-04-10 15:34:14,206 - INFO - Side effect report saved successfully to CSV for Patient ID P015.
2025-04-10 15:34:14,207 - INFO - Side effect report saved successfully to database for Patient ID P015.
2025-04-10 15:34:14,213 - INFO - Side effect report saved successfully to CSV for Patient ID P015.
2025-04-10 15:34:14,216 - INFO - Side effect report saved successfully to database for Patient ID P016.
2025-04-10 15:34:14,220 - INFO - Side effect report saved successfully to CSV for Patient ID P016.
2025-04-10 15:34:14,221 - INFO - Side effect report saved successfully to database for Patient ID P016.
2025-04-10 15:34:14,225 - INFO - Side effect report saved successfully to CSV for Patient ID P016.
2025-04-10 15:34:14,227 - INFO - Side effect report saved successfully to database for Patient ID P016.
2025-04-10 15:34:14,230 - INFO - Side effect report saved successfully to CSV for Patient ID P016.
2025-04-10 15:34:14,233 - INFO - Side effect report saved successfully to database for Patient ID P018.
2025-04-10 15:34:14,235 - INFO - Side effect report saved successfully to CSV for Patient ID P018.
2025-04-10 15:34:14,237 - INFO - Side effect report saved successfully to database for Patient ID P019.
2025-04-10 15:34:14,239 - INFO - Side effect report saved successfully to CSV for Patient ID P019.
2025-04-10 15:34:14,241 - INFO - Side effect report saved successfully to database for Patient ID P020.
2025-04-10 15:34:14,243 - INFO - Side effect report saved successfully to CSV for Patient ID P020.
2025-04-10 15:34:14,246 - INFO - Side effect report saved successfully to database for Patient ID P020.
2025-04-10 15:34:14,249 - INFO - Side effect report saved successfully to CSV for Patient ID P020.
2025-04-10 15:34:14,250 - INFO - Side effect report saved successfully to database for Patient ID P021.
2025-04-10 15:34:14,253 - INFO - Side effect report saved successfully to CSV for Patient ID P021.
2025-04-10 15:34:14,254 - INFO - Side effect report saved successfully to database for Patient ID P021.
2025-04-10 15:34:14,256 - INFO - Side effect report saved successfully to CSV for Patient ID P021.
2025-04-10 15:34:14,257 - INFO - Side effect report saved successfully to database for Patient ID P021.
2025-04-10 15:34:14,264 - INFO - Side effect report saved successfully to CSV for Patient ID P021.
2025-04-10 15:34:14,269 - INFO - Side effect report saved successfully to database for Patient ID P023.
2025-04-10 15:34:14,273 - INFO - Side effect report saved successfully to CSV for Patient ID P023.
2025-04-10 15:34:14,274 - INFO - Side effect report saved successfully to database for Patient ID P024.
2025-04-10 15:34:14,276 - INFO - Side effect report saved successfully to CSV for Patient ID P024.
2025-04-10 15:34:14,279 - INFO - Side effect report saved successfully to database for Patient ID P025.
2025-04-10 15:34:14,281 - INFO - Side effect report saved successfully to CSV for Patient ID P025.
2025-04-10 15:34:14,282 - INFO - Side effect report saved successfully to database for Patient ID P025.
2025-04-10 15:34:14,284 - INFO - Side effect report saved successfully to CSV for Patient ID P025.
2025-04-10 15:34:14,286 - INFO - Side effect report saved successfully to database for Patient ID P026.
2025-04-10 15:34:14,289 - INFO - Side effect report saved successfully to CSV for Patient ID P026.
2025-04-10 15:34:14,290 - INFO - Side effect report saved successfully to database for Patient ID P027.
2025-04-10 15:34:14,293 - INFO - Side effect report saved successfully to CSV for Patient ID P027.
2025-04-10 15:34:14,295 - INFO - Side effect report saved successfully to database for Patient ID P028.
2025-04-10 15:34:14,297 - INFO - Side effect report saved successfully to CSV for Patient ID P028.
2025-04-10 15:34:14,298 - INFO - Side effect report saved successfully to database for Patient ID P028.
2025-04-10 15:34:14,301 - INFO - Side effect report saved successfully to CSV for Patient ID P028.
2025-04-10 15:34:14,302 - INFO - Side effect report saved successfully to database for Patient ID P029.
2025-04-10 15:34:14,305 - INFO - Side effect report saved successfully to CSV for Patient ID P029.
2025-04-10 15:34:14,305 - INFO - Side effect report saved successfully to database for Patient ID P029.
2025-04-10 15:34:14,308 - INFO - Side effect report saved successfully to CSV for Patient ID P029.
2025-04-10 15:34:14,309 - INFO - Side effect report saved successfully to database for Patient ID P029.
2025-04-10 15:34:14,311 - INFO - Side effect report saved successfully to CSV for Patient ID P029.
2025-04-10 15:34:14,313 - INFO - Side effect report saved successfully to database for Patient ID P030.
2025-04-10 15:34:14,315 - INFO - Side effect report saved successfully to CSV for Patient ID P030.
2025-04-10 15:34:14,316 - INFO - Side effect report saved successfully to database for Patient ID P030.
2025-04-10 15:34:14,318 - INFO - Side effect report saved successfully to CSV for Patient ID P030.
2025-04-10 15:34:14,320 - INFO - Side effect report saved successfully to database for Patient ID P031.
2025-04-10 15:34:14,322 - INFO - Side effect report saved successfully to CSV for Patient ID P031.
2025-04-10 15:34:14,323 - INFO - Side effect report saved successfully to database for Patient ID P031.
2025-04-10 15:34:14,325 - INFO - Side effect report saved successfully to CSV for Patient ID P031.
2025-04-10 15:34:14,328 - INFO - Side effect report saved successfully to database for Patient ID P031.
2025-04-10 15:34:14,331 - INFO - Side effect report saved successfully to CSV for Patient ID P031.
2025-04-10 15:34:14,332 - INFO - Side effect report saved successfully to database for Patient ID P031.
2025-04-10 15:34:14,335 - INFO - Side effect report saved successfully to CSV for Patient ID P031.
2025-04-10 15:34:14,336 - INFO - Side effect report saved successfully to database for Patient ID P033.
2025-04-10 15:34:14,339 - INFO - Side effect report saved successfully to CSV for Patient ID P033.
2025-04-10 15:34:14,339 - INFO - Side effect report saved successfully to database for Patient ID P033.
2025-04-10 15:34:14,342 - INFO - Side effect report saved successfully to CSV for Patient ID P033.
2025-04-10 15:34:14,344 - INFO - Side effect report saved successfully to database for Patient ID P034.
2025-04-10 15:34:14,347 - INFO - Side effect report saved successfully to CSV for Patient ID P034.
2025-04-10 15:34:14,348 - INFO - Side effect report saved successfully to database for Patient ID P034.
2025-04-10 15:34:14,351 - INFO - Side effect report saved successfully to CSV for Patient ID P034.
2025-04-10 15:34:14,353 - INFO - Side effect report saved successfully to database for Patient ID P035.
2025-04-10 15:34:14,355 - INFO - Side effect report saved successfully to CSV for Patient ID P035.
2025-04-10 15:34:14,357 - INFO - Side effect report saved successfully to database for Patient ID P036.
2025-04-10 15:34:14,360 - INFO - Side effect report saved successfully to CSV for Patient ID P036.
2025-04-10 15:34:14,362 - INFO - Side effect report saved successfully to database for Patient ID P036.
2025-04-10 15:34:14,365 - INFO - Side effect report saved successfully to CSV for Patient ID P036.
2025-04-10 15:34:14,366 - INFO - Side effect report saved successfully to database for Patient ID P036.
2025-04-10 15:34:14,369 - INFO - Side effect report saved successfully to CSV for Patient ID P036.
2025-04-10 15:34:14,370 - INFO - Side effect report saved successfully to database for Patient ID P036.
2025-04-10 15:34:14,373 - INFO - Side effect report saved successfully to CSV for Patient ID P036.
2025-04-10 15:34:14,375 - INFO - Side effect report saved successfully to database for Patient ID P037.
2025-04-10 15:34:14,379 - INFO - Side effect report saved successfully to CSV for Patient ID P037.
2025-04-10 15:34:14,380 - INFO - Side effect report saved successfully to database for Patient ID P038.
2025-04-10 15:34:14,383 - INFO - Side effect report saved successfully to CSV for Patient ID P038.
2025-04-10 15:34:14,384 - INFO - Side effect report saved successfully to database for Patient ID P038.
2025-04-10 15:34:14,387 - INFO - Side effect report saved successfully to CSV for Patient ID P038.
2025-04-10 15:34:14,388 - INFO - Side effect report saved successfully to database for Patient ID P039.
2025-04-10 15:34:14,391 - INFO - Side effect report saved successfully to CSV for Patient ID P039.
2025-04-10 15:34:14,393 - INFO - Side effect report saved successfully to database for Patient ID P041.
2025-04-10 15:34:14,396 - INFO - Side effect report saved successfully to CSV for Patient ID P041.
2025-04-10 15:34:14,398 - INFO - Side effect report saved successfully to database for Patient ID P043.
2025-04-10 15:34:14,400 - INFO - Side effect report saved successfully to CSV for Patient ID P043.
2025-04-10 15:34:14,401 - INFO - Side effect report saved successfully to database for Patient ID P043.
2025-04-10 15:34:14,404 - INFO - Side effect report saved successfully to CSV for Patient ID P043.
2025-04-10 15:34:14,404 - INFO - Side effect report saved successfully to database for Patient ID P043.
2025-04-10 15:34:14,407 - INFO - Side effect report saved successfully to CSV for Patient ID P043.
2025-04-10 15:34:14,408 - INFO - Side effect report saved successfully to database for Patient ID P044.
2025-04-10 15:34:14,411 - INFO - Side effect report saved successfully to CSV for Patient ID P044.
2025-04-10 15:34:14,412 - INFO - Side effect report saved successfully to database for Patient ID P045.
2025-04-10 15:34:14,415 - INFO - Side effect report saved successfully to CSV for Patient ID P045.
2025-04-10 15:34:14,416 - INFO - Side effect report saved successfully to database for Patient ID P045.
2025-04-10 15:34:14,419 - INFO - Side effect report saved successfully to CSV for Patient ID P045.
2025-04-10 15:34:14,420 - INFO - Side effect report saved successfully to database for Patient ID P045.
2025-04-10 15:34:14,422 - INFO - Side effect report saved successfully to CSV for Patient ID P045.
2025-04-10 15:34:14,423 - INFO - Side effect report saved successfully to database for Patient ID P045.
2025-04-10 15:34:14,426 - INFO - Side effect report saved successfully to CSV for Patient ID P045.
2025-04-10 15:34:14,428 - INFO - Side effect report saved successfully to database for Patient ID P046.
2025-04-10 15:34:14,431 - INFO - Side effect report saved successfully to CSV for Patient ID P046.
2025-04-10 15:34:14,432 - INFO - Side effect report saved successfully to database for Patient ID P046.
2025-04-10 15:34:14,434 - INFO - Side effect report saved successfully to CSV for Patient ID P046.
2025-04-10 15:34:14,435 - INFO - Side effect report saved successfully to database for Patient ID P046.
2025-04-10 15:34:14,438 - INFO - Side effect report saved successfully to CSV for Patient ID P046.
2025-04-10 15:34:14,439 - INFO - Side effect report saved successfully to database for Patient ID P047.
2025-04-10 15:34:14,442 - INFO - Side effect report saved successfully to CSV for Patient ID P047.
2025-04-10 15:34:14,443 - INFO - Side effect report saved successfully to database for Patient ID P047.
2025-04-10 15:34:14,446 - INFO - Side effect report saved successfully to CSV for Patient ID P047.
2025-04-10 15:34:14,447 - INFO - Side effect report saved successfully to database for Patient ID P047.
2025-04-10 15:34:14,449 - INFO - Side effect report saved successfully to CSV for Patient ID P047.
2025-04-10 15:34:14,451 - INFO - Side effect report saved successfully to database for Patient ID P048.
2025-04-10 15:34:14,453 - INFO - Side effect report saved successfully to CSV for Patient ID P048.
2025-04-10 15:34:14,454 - INFO - Side effect report saved successfully to database for Patient ID P049.
2025-04-10 15:34:14,457 - INFO - Side effect report saved successfully to CSV for Patient ID P049.
2025-04-10 15:34:14,457 - INFO - Generated/attempted 79 SE reports.
2025-04-10 15:34:14,457 - INFO - Generating nurse notes data...
2025-04-10 15:34:14,459 - INFO - Nurse inputs saved successfully for Patient ID P001.
2025-04-10 15:34:14,460 - INFO - Nurse inputs saved successfully for Patient ID P001.
2025-04-10 15:34:14,460 - INFO - Nurse inputs saved successfully for Patient ID P001.
2025-04-10 15:34:14,462 - INFO - Nurse inputs saved successfully for Patient ID P002.
2025-04-10 15:34:14,463 - INFO - Nurse inputs saved successfully for Patient ID P002.
2025-04-10 15:34:14,464 - INFO - Nurse inputs saved successfully for Patient ID P002.
2025-04-10 15:34:14,465 - INFO - Nurse inputs saved successfully for Patient ID P003.
2025-04-10 15:34:14,466 - INFO - Nurse inputs saved successfully for Patient ID P003.
2025-04-10 15:34:14,467 - INFO - Nurse inputs saved successfully for Patient ID P003.
2025-04-10 15:34:14,468 - INFO - Nurse inputs saved successfully for Patient ID P004.
2025-04-10 15:34:14,469 - INFO - Nurse inputs saved successfully for Patient ID P004.
2025-04-10 15:34:14,470 - INFO - Nurse inputs saved successfully for Patient ID P004.
2025-04-10 15:34:14,471 - INFO - Nurse inputs saved successfully for Patient ID P005.
2025-04-10 15:34:14,472 - INFO - Nurse inputs saved successfully for Patient ID P005.
2025-04-10 15:34:14,472 - INFO - Nurse inputs saved successfully for Patient ID P005.
2025-04-10 15:34:14,473 - INFO - Nurse inputs saved successfully for Patient ID P006.
2025-04-10 15:34:14,474 - INFO - Nurse inputs saved successfully for Patient ID P006.
2025-04-10 15:34:14,475 - INFO - Nurse inputs saved successfully for Patient ID P006.
2025-04-10 15:34:14,476 - INFO - Nurse inputs saved successfully for Patient ID P007.
2025-04-10 15:34:14,477 - INFO - Nurse inputs saved successfully for Patient ID P007.
2025-04-10 15:34:14,478 - INFO - Nurse inputs saved successfully for Patient ID P007.
2025-04-10 15:34:14,479 - INFO - Nurse inputs saved successfully for Patient ID P008.
2025-04-10 15:34:14,480 - INFO - Nurse inputs saved successfully for Patient ID P008.
2025-04-10 15:34:14,481 - INFO - Nurse inputs saved successfully for Patient ID P008.
2025-04-10 15:34:14,482 - INFO - Nurse inputs saved successfully for Patient ID P009.
2025-04-10 15:34:14,483 - INFO - Nurse inputs saved successfully for Patient ID P009.
2025-04-10 15:34:14,484 - INFO - Nurse inputs saved successfully for Patient ID P009.
2025-04-10 15:34:14,485 - INFO - Nurse inputs saved successfully for Patient ID P010.
2025-04-10 15:34:14,486 - INFO - Nurse inputs saved successfully for Patient ID P010.
2025-04-10 15:34:14,487 - INFO - Nurse inputs saved successfully for Patient ID P010.
2025-04-10 15:34:14,488 - INFO - Nurse inputs saved successfully for Patient ID P011.
2025-04-10 15:34:14,489 - INFO - Nurse inputs saved successfully for Patient ID P011.
2025-04-10 15:34:14,489 - INFO - Nurse inputs saved successfully for Patient ID P011.
2025-04-10 15:34:14,491 - INFO - Nurse inputs saved successfully for Patient ID P012.
2025-04-10 15:34:14,491 - INFO - Nurse inputs saved successfully for Patient ID P012.
2025-04-10 15:34:14,492 - INFO - Nurse inputs saved successfully for Patient ID P012.
2025-04-10 15:34:14,493 - INFO - Nurse inputs saved successfully for Patient ID P013.
2025-04-10 15:34:14,495 - INFO - Nurse inputs saved successfully for Patient ID P013.
2025-04-10 15:34:14,495 - INFO - Nurse inputs saved successfully for Patient ID P013.
2025-04-10 15:34:14,497 - INFO - Nurse inputs saved successfully for Patient ID P014.
2025-04-10 15:34:14,498 - INFO - Nurse inputs saved successfully for Patient ID P014.
2025-04-10 15:34:14,499 - INFO - Nurse inputs saved successfully for Patient ID P014.
2025-04-10 15:34:14,500 - INFO - Nurse inputs saved successfully for Patient ID P015.
2025-04-10 15:34:14,501 - INFO - Nurse inputs saved successfully for Patient ID P015.
2025-04-10 15:34:14,502 - INFO - Nurse inputs saved successfully for Patient ID P015.
2025-04-10 15:34:14,503 - INFO - Nurse inputs saved successfully for Patient ID P016.
2025-04-10 15:34:14,504 - INFO - Nurse inputs saved successfully for Patient ID P016.
2025-04-10 15:34:14,505 - INFO - Nurse inputs saved successfully for Patient ID P016.
2025-04-10 15:34:14,506 - INFO - Nurse inputs saved successfully for Patient ID P017.
2025-04-10 15:34:14,507 - INFO - Nurse inputs saved successfully for Patient ID P017.
2025-04-10 15:34:14,508 - INFO - Nurse inputs saved successfully for Patient ID P017.
2025-04-10 15:34:14,509 - INFO - Nurse inputs saved successfully for Patient ID P018.
2025-04-10 15:34:14,510 - INFO - Nurse inputs saved successfully for Patient ID P018.
2025-04-10 15:34:14,511 - INFO - Nurse inputs saved successfully for Patient ID P018.
2025-04-10 15:34:14,513 - INFO - Nurse inputs saved successfully for Patient ID P019.
2025-04-10 15:34:14,513 - INFO - Nurse inputs saved successfully for Patient ID P019.
2025-04-10 15:34:14,514 - INFO - Nurse inputs saved successfully for Patient ID P019.
2025-04-10 15:34:14,515 - INFO - Nurse inputs saved successfully for Patient ID P020.
2025-04-10 15:34:14,516 - INFO - Nurse inputs saved successfully for Patient ID P020.
2025-04-10 15:34:14,517 - INFO - Nurse inputs saved successfully for Patient ID P020.
2025-04-10 15:34:14,518 - INFO - Nurse inputs saved successfully for Patient ID P021.
2025-04-10 15:34:14,519 - INFO - Nurse inputs saved successfully for Patient ID P021.
2025-04-10 15:34:14,520 - INFO - Nurse inputs saved successfully for Patient ID P021.
2025-04-10 15:34:14,521 - INFO - Nurse inputs saved successfully for Patient ID P022.
2025-04-10 15:34:14,522 - INFO - Nurse inputs saved successfully for Patient ID P022.
2025-04-10 15:34:14,523 - INFO - Nurse inputs saved successfully for Patient ID P022.
2025-04-10 15:34:14,524 - INFO - Nurse inputs saved successfully for Patient ID P023.
2025-04-10 15:34:14,525 - INFO - Nurse inputs saved successfully for Patient ID P023.
2025-04-10 15:34:14,526 - INFO - Nurse inputs saved successfully for Patient ID P023.
2025-04-10 15:34:14,527 - INFO - Nurse inputs saved successfully for Patient ID P024.
2025-04-10 15:34:14,528 - INFO - Nurse inputs saved successfully for Patient ID P024.
2025-04-10 15:34:14,529 - INFO - Nurse inputs saved successfully for Patient ID P024.
2025-04-10 15:34:14,531 - INFO - Nurse inputs saved successfully for Patient ID P025.
2025-04-10 15:34:14,531 - INFO - Nurse inputs saved successfully for Patient ID P025.
2025-04-10 15:34:14,532 - INFO - Nurse inputs saved successfully for Patient ID P025.
2025-04-10 15:34:14,533 - INFO - Nurse inputs saved successfully for Patient ID P026.
2025-04-10 15:34:14,538 - INFO - Nurse inputs saved successfully for Patient ID P026.
2025-04-10 15:34:14,563 - INFO - Nurse inputs saved successfully for Patient ID P026.
2025-04-10 15:34:14,566 - INFO - Nurse inputs saved successfully for Patient ID P027.
2025-04-10 15:34:14,567 - INFO - Nurse inputs saved successfully for Patient ID P027.
2025-04-10 15:34:14,572 - INFO - Nurse inputs saved successfully for Patient ID P027.
2025-04-10 15:34:14,574 - INFO - Nurse inputs saved successfully for Patient ID P028.
2025-04-10 15:34:14,575 - INFO - Nurse inputs saved successfully for Patient ID P028.
2025-04-10 15:34:14,576 - INFO - Nurse inputs saved successfully for Patient ID P028.
2025-04-10 15:34:14,578 - INFO - Nurse inputs saved successfully for Patient ID P029.
2025-04-10 15:34:14,579 - INFO - Nurse inputs saved successfully for Patient ID P029.
2025-04-10 15:34:14,580 - INFO - Nurse inputs saved successfully for Patient ID P029.
2025-04-10 15:34:14,581 - INFO - Nurse inputs saved successfully for Patient ID P030.
2025-04-10 15:34:14,582 - INFO - Nurse inputs saved successfully for Patient ID P030.
2025-04-10 15:34:14,583 - INFO - Nurse inputs saved successfully for Patient ID P030.
2025-04-10 15:34:14,585 - INFO - Nurse inputs saved successfully for Patient ID P031.
2025-04-10 15:34:14,586 - INFO - Nurse inputs saved successfully for Patient ID P031.
2025-04-10 15:34:14,587 - INFO - Nurse inputs saved successfully for Patient ID P031.
2025-04-10 15:34:14,588 - INFO - Nurse inputs saved successfully for Patient ID P032.
2025-04-10 15:34:14,589 - INFO - Nurse inputs saved successfully for Patient ID P032.
2025-04-10 15:34:14,590 - INFO - Nurse inputs saved successfully for Patient ID P032.
2025-04-10 15:34:14,591 - INFO - Nurse inputs saved successfully for Patient ID P033.
2025-04-10 15:34:14,592 - INFO - Nurse inputs saved successfully for Patient ID P033.
2025-04-10 15:34:14,594 - INFO - Nurse inputs saved successfully for Patient ID P033.
2025-04-10 15:34:14,595 - INFO - Nurse inputs saved successfully for Patient ID P034.
2025-04-10 15:34:14,596 - INFO - Nurse inputs saved successfully for Patient ID P034.
2025-04-10 15:34:14,597 - INFO - Nurse inputs saved successfully for Patient ID P034.
2025-04-10 15:34:14,598 - INFO - Nurse inputs saved successfully for Patient ID P035.
2025-04-10 15:34:14,599 - INFO - Nurse inputs saved successfully for Patient ID P035.
2025-04-10 15:34:14,600 - INFO - Nurse inputs saved successfully for Patient ID P035.
2025-04-10 15:34:14,601 - INFO - Nurse inputs saved successfully for Patient ID P036.
2025-04-10 15:34:14,602 - INFO - Nurse inputs saved successfully for Patient ID P036.
2025-04-10 15:34:14,603 - INFO - Nurse inputs saved successfully for Patient ID P036.
2025-04-10 15:34:14,604 - INFO - Nurse inputs saved successfully for Patient ID P037.
2025-04-10 15:34:14,605 - INFO - Nurse inputs saved successfully for Patient ID P037.
2025-04-10 15:34:14,606 - INFO - Nurse inputs saved successfully for Patient ID P037.
2025-04-10 15:34:14,607 - INFO - Nurse inputs saved successfully for Patient ID P038.
2025-04-10 15:34:14,608 - INFO - Nurse inputs saved successfully for Patient ID P038.
2025-04-10 15:34:14,609 - INFO - Nurse inputs saved successfully for Patient ID P038.
2025-04-10 15:34:14,610 - INFO - Nurse inputs saved successfully for Patient ID P039.
2025-04-10 15:34:14,611 - INFO - Nurse inputs saved successfully for Patient ID P039.
2025-04-10 15:34:14,612 - INFO - Nurse inputs saved successfully for Patient ID P039.
2025-04-10 15:34:14,613 - INFO - Nurse inputs saved successfully for Patient ID P040.
2025-04-10 15:34:14,614 - INFO - Nurse inputs saved successfully for Patient ID P040.
2025-04-10 15:34:14,615 - INFO - Nurse inputs saved successfully for Patient ID P040.
2025-04-10 15:34:14,616 - INFO - Nurse inputs saved successfully for Patient ID P041.
2025-04-10 15:34:14,617 - INFO - Nurse inputs saved successfully for Patient ID P041.
2025-04-10 15:34:14,618 - INFO - Nurse inputs saved successfully for Patient ID P041.
2025-04-10 15:34:14,619 - INFO - Nurse inputs saved successfully for Patient ID P042.
2025-04-10 15:34:14,620 - INFO - Nurse inputs saved successfully for Patient ID P042.
2025-04-10 15:34:14,621 - INFO - Nurse inputs saved successfully for Patient ID P042.
2025-04-10 15:34:14,623 - INFO - Nurse inputs saved successfully for Patient ID P043.
2025-04-10 15:34:14,623 - INFO - Nurse inputs saved successfully for Patient ID P043.
2025-04-10 15:34:14,624 - INFO - Nurse inputs saved successfully for Patient ID P043.
2025-04-10 15:34:14,625 - INFO - Nurse inputs saved successfully for Patient ID P044.
2025-04-10 15:34:14,626 - INFO - Nurse inputs saved successfully for Patient ID P044.
2025-04-10 15:34:14,627 - INFO - Nurse inputs saved successfully for Patient ID P044.
2025-04-10 15:34:14,629 - INFO - Nurse inputs saved successfully for Patient ID P045.
2025-04-10 15:34:14,629 - INFO - Nurse inputs saved successfully for Patient ID P045.
2025-04-10 15:34:14,630 - INFO - Nurse inputs saved successfully for Patient ID P045.
2025-04-10 15:34:14,631 - INFO - Nurse inputs saved successfully for Patient ID P046.
2025-04-10 15:34:14,632 - INFO - Nurse inputs saved successfully for Patient ID P046.
2025-04-10 15:34:14,633 - INFO - Nurse inputs saved successfully for Patient ID P046.
2025-04-10 15:34:14,634 - INFO - Nurse inputs saved successfully for Patient ID P047.
2025-04-10 15:34:14,635 - INFO - Nurse inputs saved successfully for Patient ID P047.
2025-04-10 15:34:14,635 - INFO - Nurse inputs saved successfully for Patient ID P047.
2025-04-10 15:34:14,636 - INFO - Nurse inputs saved successfully for Patient ID P048.
2025-04-10 15:34:14,637 - INFO - Nurse inputs saved successfully for Patient ID P048.
2025-04-10 15:34:14,638 - INFO - Nurse inputs saved successfully for Patient ID P048.
2025-04-10 15:34:14,639 - INFO - Nurse inputs saved successfully for Patient ID P049.
2025-04-10 15:34:14,640 - INFO - Nurse inputs saved successfully for Patient ID P049.
2025-04-10 15:34:14,641 - INFO - Nurse inputs saved successfully for Patient ID P049.
2025-04-10 15:34:14,642 - INFO - Nurse inputs saved successfully for Patient ID P050.
2025-04-10 15:34:14,643 - INFO - Nurse inputs saved successfully for Patient ID P050.
2025-04-10 15:34:14,644 - INFO - Nurse inputs saved successfully for Patient ID P050.
2025-04-10 15:34:14,644 - INFO - Generated/attempted 150 nurse notes.
2025-04-10 15:34:14,644 - INFO - Updated config/config.yaml
2025-04-10 15:34:14,644 - INFO - --- FEP Simulation complete. ---
